<?xml version="1.0" encoding="UTF-8"?>
<!-- Generated by org.testng.reporters.JUnitReportReporter -->
<testsuite skipped="0" hostname="PCC-016706LT-64" name="sample.com.automation.webdriver.DriverDemo" tests="1" failures="0" timestamp="17 Feb 2021 15:11:46 GMT" time="20.714" errors="0">
  <testcase name="chromeTest2" time="20.714" classname="sample.com.automation.webdriver.DriverDemo"/>
</testsuite> <!-- sample.com.automation.webdriver.DriverDemo -->
